<?xml version="1.0" encoding="UTF-8"?>
<!-- Generated by org.testng.reporters.JUnitXMLReporter -->
<testsuite ignored="4" hostname="Admin-PC" failures="1" tests="1" name="Default test(failed)" time="0.082" errors="0" timestamp="2022-06-14T11:52:28 IST">
  <testcase classname="xmlStudy.MyTest" name="myMethod2" time="0.014">
    <failure type="java.lang.AssertionError" message="null">
      <![CDATA[java.lang.AssertionError: null
at xmlStudy.MyTest.myMethod2(MyTest.java:18)
at java.base/java.util.ArrayList.forEach(ArrayList.java:1541)
... Removed 29 stack frames]]>
    </failure>
  </testcase> <!-- myMethod2 -->
  <testcase classname="xmlStudy.MyTest" name="myMethod3" time="0.0">
    <ignored/>
  </testcase> <!-- myMethod3 -->
  <testcase classname="xmlStudy.MyTest" name="myMethod1" time="0.0">
    <ignored/>
  </testcase> <!-- myMethod1 -->
  <testcase classname="xmlStudy.MyTest" name="myMethod4" time="0.0">
    <ignored/>
  </testcase> <!-- myMethod4 -->
  <testcase classname="xmlStudy.MyTest" name="myMethod5" time="0.0">
    <ignored/>
  </testcase> <!-- myMethod5 -->
</testsuite> <!-- Default test(failed) -->
